CRITICAL - 2023-07-01 06:58:29 --> Undefined array key 0
in APPPATH\Controllers\Home.php on line 53.
 1 APPPATH\Controllers\Home.php(53): CodeIgniter\Debug\Exceptions->errorHandler(2, 'Undefined array key 0', 'C:\\XAMPP\\htdocs\\library\\app\\Controllers\\Home.php', 53)
 2 SYSTEMPATH\CodeIgniter.php(932): App\Controllers\Home->loginuser()
 3 SYSTEMPATH\CodeIgniter.php(497): CodeIgniter\CodeIgniter->runController(Object(App\Controllers\Home))
 4 SYSTEMPATH\CodeIgniter.php(366): CodeIgniter\CodeIgniter->handleRequest(null, Object(Config\Cache), false)
 5 FCPATH\index.php(67): CodeIgniter\CodeIgniter->run()
CRITICAL - 2023-07-01 06:58:44 --> Undefined array key 0
in APPPATH\Controllers\Home.php on line 53.
 1 APPPATH\Controllers\Home.php(53): CodeIgniter\Debug\Exceptions->errorHandler(2, 'Undefined array key 0', 'C:\\XAMPP\\htdocs\\library\\app\\Controllers\\Home.php', 53)
 2 SYSTEMPATH\CodeIgniter.php(932): App\Controllers\Home->loginuser()
 3 SYSTEMPATH\CodeIgniter.php(497): CodeIgniter\CodeIgniter->runController(Object(App\Controllers\Home))
 4 SYSTEMPATH\CodeIgniter.php(366): CodeIgniter\CodeIgniter->handleRequest(null, Object(Config\Cache), false)
 5 FCPATH\index.php(67): CodeIgniter\CodeIgniter->run()
CRITICAL - 2023-07-01 06:58:55 --> Undefined array key 0
in APPPATH\Controllers\Home.php on line 53.
 1 APPPATH\Controllers\Home.php(53): CodeIgniter\Debug\Exceptions->errorHandler(2, 'Undefined array key 0', 'C:\\XAMPP\\htdocs\\library\\app\\Controllers\\Home.php', 53)
 2 SYSTEMPATH\CodeIgniter.php(932): App\Controllers\Home->loginuser()
 3 SYSTEMPATH\CodeIgniter.php(497): CodeIgniter\CodeIgniter->runController(Object(App\Controllers\Home))
 4 SYSTEMPATH\CodeIgniter.php(366): CodeIgniter\CodeIgniter->handleRequest(null, Object(Config\Cache), false)
 5 FCPATH\index.php(67): CodeIgniter\CodeIgniter->run()
CRITICAL - 2023-07-01 06:59:30 --> Undefined array key 0
in APPPATH\Controllers\Home.php on line 53.
 1 APPPATH\Controllers\Home.php(53): CodeIgniter\Debug\Exceptions->errorHandler(2, 'Undefined array key 0', 'C:\\XAMPP\\htdocs\\library\\app\\Controllers\\Home.php', 53)
 2 SYSTEMPATH\CodeIgniter.php(932): App\Controllers\Home->loginuser()
 3 SYSTEMPATH\CodeIgniter.php(497): CodeIgniter\CodeIgniter->runController(Object(App\Controllers\Home))
 4 SYSTEMPATH\CodeIgniter.php(366): CodeIgniter\CodeIgniter->handleRequest(null, Object(Config\Cache), false)
 5 FCPATH\index.php(67): CodeIgniter\CodeIgniter->run()
CRITICAL - 2023-07-01 06:59:53 --> Undefined array key 0
in APPPATH\Controllers\Home.php on line 52.
 1 APPPATH\Controllers\Home.php(52): CodeIgniter\Debug\Exceptions->errorHandler(2, 'Undefined array key 0', 'C:\\XAMPP\\htdocs\\library\\app\\Controllers\\Home.php', 52)
 2 SYSTEMPATH\CodeIgniter.php(932): App\Controllers\Home->loginuser()
 3 SYSTEMPATH\CodeIgniter.php(497): CodeIgniter\CodeIgniter->runController(Object(App\Controllers\Home))
 4 SYSTEMPATH\CodeIgniter.php(366): CodeIgniter\CodeIgniter->handleRequest(null, Object(Config\Cache), false)
 5 FCPATH\index.php(67): CodeIgniter\CodeIgniter->run()
CRITICAL - 2023-07-01 07:00:28 --> Undefined array key 0
in APPPATH\Controllers\Home.php on line 53.
 1 APPPATH\Controllers\Home.php(53): CodeIgniter\Debug\Exceptions->errorHandler(2, 'Undefined array key 0', 'C:\\XAMPP\\htdocs\\library\\app\\Controllers\\Home.php', 53)
 2 SYSTEMPATH\CodeIgniter.php(932): App\Controllers\Home->loginuser()
 3 SYSTEMPATH\CodeIgniter.php(497): CodeIgniter\CodeIgniter->runController(Object(App\Controllers\Home))
 4 SYSTEMPATH\CodeIgniter.php(366): CodeIgniter\CodeIgniter->handleRequest(null, Object(Config\Cache), false)
 5 FCPATH\index.php(67): CodeIgniter\CodeIgniter->run()
CRITICAL - 2023-07-01 07:19:32 --> Undefined variable $user_info
in APPPATH\Views\home.php on line 12.
 1 APPPATH\Views\home.php(12): CodeIgniter\Debug\Exceptions->errorHandler(2, 'Undefined variable $user_info', 'C:\\XAMPP\\htdocs\\library\\app\\Views\\home.php', 12)
 2 SYSTEMPATH\View\View.php(224): include('C:\\XAMPP\\htdocs\\library\\app\\Views\\home.php')
 3 SYSTEMPATH\View\View.php(227): CodeIgniter\View\View->CodeIgniter\View\{closure}()
 4 SYSTEMPATH\Common.php(1180): CodeIgniter\View\View->render('home', [], true)
 5 APPPATH\Controllers\Home.php(118): view('home')
 6 SYSTEMPATH\CodeIgniter.php(932): App\Controllers\Home->home()
 7 SYSTEMPATH\CodeIgniter.php(497): CodeIgniter\CodeIgniter->runController(Object(App\Controllers\Home))
 8 SYSTEMPATH\CodeIgniter.php(366): CodeIgniter\CodeIgniter->handleRequest(null, Object(Config\Cache), false)
 9 FCPATH\index.php(67): CodeIgniter\CodeIgniter->run()
CRITICAL - 2023-07-01 07:23:05 --> Undefined variable $user_info
in APPPATH\Views\home.php on line 12.
 1 APPPATH\Views\home.php(12): CodeIgniter\Debug\Exceptions->errorHandler(2, 'Undefined variable $user_info', 'C:\\XAMPP\\htdocs\\library\\app\\Views\\home.php', 12)
 2 SYSTEMPATH\View\View.php(224): include('C:\\XAMPP\\htdocs\\library\\app\\Views\\home.php')
 3 SYSTEMPATH\View\View.php(227): CodeIgniter\View\View->CodeIgniter\View\{closure}()
 4 SYSTEMPATH\Common.php(1180): CodeIgniter\View\View->render('home', [], true)
 5 APPPATH\Controllers\Home.php(118): view('home')
 6 SYSTEMPATH\CodeIgniter.php(932): App\Controllers\Home->home()
 7 SYSTEMPATH\CodeIgniter.php(497): CodeIgniter\CodeIgniter->runController(Object(App\Controllers\Home))
 8 SYSTEMPATH\CodeIgniter.php(366): CodeIgniter\CodeIgniter->handleRequest(null, Object(Config\Cache), false)
 9 FCPATH\index.php(67): CodeIgniter\CodeIgniter->run()
