CRITICAL - 2023-07-06 06:19:52 --> Undefined array key 0
in APPPATH\Controllers\Home.php on line 71.
 1 APPPATH\Controllers\Home.php(71): CodeIgniter\Debug\Exceptions->errorHandler(2, 'Undefined array key 0', 'C:\\XAMPP\\htdocs\\library\\app\\Controllers\\Home.php', 71)
 2 SYSTEMPATH\CodeIgniter.php(932): App\Controllers\Home->loginuser()
 3 SYSTEMPATH\CodeIgniter.php(497): CodeIgniter\CodeIgniter->runController(Object(App\Controllers\Home))
 4 SYSTEMPATH\CodeIgniter.php(366): CodeIgniter\CodeIgniter->handleRequest(null, Object(Config\Cache), false)
 5 FCPATH\index.php(67): CodeIgniter\CodeIgniter->run()
CRITICAL - 2023-07-06 06:21:38 --> Undefined array key 0
in APPPATH\Controllers\Home.php on line 59.
 1 APPPATH\Controllers\Home.php(59): CodeIgniter\Debug\Exceptions->errorHandler(2, 'Undefined array key 0', 'C:\\XAMPP\\htdocs\\library\\app\\Controllers\\Home.php', 59)
 2 SYSTEMPATH\CodeIgniter.php(932): App\Controllers\Home->loginuser()
 3 SYSTEMPATH\CodeIgniter.php(497): CodeIgniter\CodeIgniter->runController(Object(App\Controllers\Home))
 4 SYSTEMPATH\CodeIgniter.php(366): CodeIgniter\CodeIgniter->handleRequest(null, Object(Config\Cache), false)
 5 FCPATH\index.php(67): CodeIgniter\CodeIgniter->run()
CRITICAL - 2023-07-06 06:38:29 --> Undefined array key 0
in APPPATH\Controllers\Home.php on line 59.
 1 APPPATH\Controllers\Home.php(59): CodeIgniter\Debug\Exceptions->errorHandler(2, 'Undefined array key 0', 'C:\\XAMPP\\htdocs\\library\\app\\Controllers\\Home.php', 59)
 2 SYSTEMPATH\CodeIgniter.php(932): App\Controllers\Home->loginuser()
 3 SYSTEMPATH\CodeIgniter.php(497): CodeIgniter\CodeIgniter->runController(Object(App\Controllers\Home))
 4 SYSTEMPATH\CodeIgniter.php(366): CodeIgniter\CodeIgniter->handleRequest(null, Object(Config\Cache), false)
 5 FCPATH\index.php(67): CodeIgniter\CodeIgniter->run()
CRITICAL - 2023-07-06 06:38:33 --> Undefined array key 0
in APPPATH\Controllers\Home.php on line 59.
 1 APPPATH\Controllers\Home.php(59): CodeIgniter\Debug\Exceptions->errorHandler(2, 'Undefined array key 0', 'C:\\XAMPP\\htdocs\\library\\app\\Controllers\\Home.php', 59)
 2 SYSTEMPATH\CodeIgniter.php(932): App\Controllers\Home->loginuser()
 3 SYSTEMPATH\CodeIgniter.php(497): CodeIgniter\CodeIgniter->runController(Object(App\Controllers\Home))
 4 SYSTEMPATH\CodeIgniter.php(366): CodeIgniter\CodeIgniter->handleRequest(null, Object(Config\Cache), false)
 5 FCPATH\index.php(67): CodeIgniter\CodeIgniter->run()
