CRITICAL - 2023-06-29 07:15:34 --> Invalid file: ".base_url()."Home/books/.php"
in SYSTEMPATH\Exceptions\FrameworkException.php on line 33.
 1 SYSTEMPATH\View\View.php(212): CodeIgniter\Exceptions\FrameworkException::forInvalidFile('.base_url()."Home/books/.php')
 2 SYSTEMPATH\Common.php(1180): CodeIgniter\View\View->render('.base_url()."Home/books/', [], true)
 3 APPPATH\Controllers\Home.php(89): view('.base_url()."Home/books/')
 4 SYSTEMPATH\CodeIgniter.php(932): App\Controllers\Home->add()
 5 SYSTEMPATH\CodeIgniter.php(497): CodeIgniter\CodeIgniter->runController(Object(App\Controllers\Home))
 6 SYSTEMPATH\CodeIgniter.php(366): CodeIgniter\CodeIgniter->handleRequest(null, Object(Config\Cache), false)
 7 FCPATH\index.php(67): CodeIgniter\CodeIgniter->run()
CRITICAL - 2023-06-29 07:15:51 --> Invalid file: ".base_url()."Home/books/".php"
in SYSTEMPATH\Exceptions\FrameworkException.php on line 33.
 1 SYSTEMPATH\View\View.php(212): CodeIgniter\Exceptions\FrameworkException::forInvalidFile('.base_url()."Home/books/".php')
 2 SYSTEMPATH\Common.php(1180): CodeIgniter\View\View->render('.base_url()."Home/books/"', [], true)
 3 APPPATH\Controllers\Home.php(89): view('.base_url()."Home/books/"')
 4 SYSTEMPATH\CodeIgniter.php(932): App\Controllers\Home->add()
 5 SYSTEMPATH\CodeIgniter.php(497): CodeIgniter\CodeIgniter->runController(Object(App\Controllers\Home))
 6 SYSTEMPATH\CodeIgniter.php(366): CodeIgniter\CodeIgniter->handleRequest(null, Object(Config\Cache), false)
 7 FCPATH\index.php(67): CodeIgniter\CodeIgniter->run()
CRITICAL - 2023-06-29 07:16:23 --> Invalid file: "Home/books/.php"
in SYSTEMPATH\Exceptions\FrameworkException.php on line 33.
 1 SYSTEMPATH\View\View.php(212): CodeIgniter\Exceptions\FrameworkException::forInvalidFile('Home/books/.php')
 2 SYSTEMPATH\Common.php(1180): CodeIgniter\View\View->render('Home/books/', [], true)
 3 APPPATH\Controllers\Home.php(89): view('Home/books/')
 4 SYSTEMPATH\CodeIgniter.php(932): App\Controllers\Home->add()
 5 SYSTEMPATH\CodeIgniter.php(497): CodeIgniter\CodeIgniter->runController(Object(App\Controllers\Home))
 6 SYSTEMPATH\CodeIgniter.php(366): CodeIgniter\CodeIgniter->handleRequest(null, Object(Config\Cache), false)
 7 FCPATH\index.php(67): CodeIgniter\CodeIgniter->run()
